#
# There is insufficient memory for the Java Runtime Environment to continue.
# Native memory allocation (malloc) failed to allocate 1048576 bytes. Error detail: AllocateHeap
# Possible reasons:
#   The system is out of physical RAM or swap space
#   This process is running with CompressedOops enabled, and the Java Heap may be blocking the growth of the native heap
# Possible solutions:
#   Reduce memory load on the system
#   Increase physical memory or swap space
#   Check if swap backing store is full
#   Decrease Java heap size (-Xmx/-Xms)
#   Decrease number of Java threads
#   Decrease Java thread stack sizes (-Xss)
#   Set larger code cache with -XX:ReservedCodeCacheSize=
#   JVM is running with Unscaled Compressed Oops mode in which the Java heap is
#     placed in the first 4GB address space. The Java Heap base address is the
#     maximum limit for the native heap growth. Please use -XX:HeapBaseMinAddress
#     to set the Java Heap base and to place the Java Heap above 4GB virtual address.
# This output file may be truncated or incomplete.
#
#  Out of Memory Error (allocation.cpp:44), pid=20232, tid=20212
#
# JRE version:  (21.0.7+6) (build )
# Java VM: OpenJDK 64-Bit Server VM (21.0.7+6-LTS, mixed mode, tiered, compressed oops, compressed class ptrs, parallel gc, windows-amd64)
# No core dump will be written. Minidumps are not enabled by default on client versions of Windows
#

---------------  S U M M A R Y ------------

Command Line: --add-modules=ALL-SYSTEM --add-opens=java.base/java.util=ALL-UNNAMED --add-opens=java.base/java.lang=ALL-UNNAMED --add-opens=java.base/sun.nio.fs=ALL-UNNAMED -Declipse.application=org.eclipse.jdt.ls.core.id1 -Dosgi.bundles.defaultStartLevel=4 -Declipse.product=org.eclipse.jdt.ls.core.product -Djava.import.generatesMetadataFilesAtProjectRoot=false -DDetectVMInstallationsJob.disabled=true -Dfile.encoding=utf8 -XX:+UseParallelGC -XX:GCTimeRatio=4 -XX:AdaptiveSizePolicyWeight=90 -Dsun.zip.disableMemoryMapping=true -Xmx1G -Xms100m -Xlog:disable -javaagent:c:\Users\Admin\.vscode\extensions\redhat.java-1.42.0-win32-x64\lombok\lombok-1.18.36.jar -XX:+HeapDumpOnOutOfMemoryError -XX:HeapDumpPath=c:\Users\Admin\AppData\Roaming\Code\User\workspaceStorage\0bad6beeaffd9cfb94fa036439ebe4c1\redhat.java -Daether.dependencyCollector.impl=bf c:\Users\Admin\.vscode\extensions\redhat.java-1.42.0-win32-x64\server\plugins\org.eclipse.equinox.launcher_1.7.0.v20250424-1814.jar -configuration c:\Users\Admin\AppData\Roaming\Code\User\globalStorage\redhat.java\1.42.0\config_win -data c:\Users\Admin\AppData\Roaming\Code\User\workspaceStorage\0bad6beeaffd9cfb94fa036439ebe4c1\redhat.java\jdt_ws --pipe=\\.\pipe\lsp-8c055ba5070be5bcccb9dd79603bb671-sock

Host: AMD Ryzen 5 5500U with Radeon Graphics         , 12 cores, 15G,  Windows 10 , 64 bit Build 19041 (10.0.19041.5794)
Time: Fri May 16 23:42:22 2025 SE Asia Standard Time elapsed time: 0.039221 seconds (0d 0h 0m 0s)

---------------  T H R E A D  ---------------

Current thread (0x0000026e2ed563f0):  JavaThread "Unknown thread" [_thread_in_vm, id=20212, stack(0x000000cd45500000,0x000000cd45600000) (1024K)]

Stack: [0x000000cd45500000,0x000000cd45600000]
Native frames: (J=compiled Java code, j=interpreted, Vv=VM code, C=native code)
V  [jvm.dll+0x6ce119]
V  [jvm.dll+0x8a84a1]
V  [jvm.dll+0x8aa9ce]
V  [jvm.dll+0x8ab0b3]
V  [jvm.dll+0x27f8a6]
V  [jvm.dll+0xbfba7]
V  [jvm.dll+0x702260]
V  [jvm.dll+0x702dcc]
V  [jvm.dll+0x6dcc63]
V  [jvm.dll+0x871dbc]
V  [jvm.dll+0x3bc47c]
V  [jvm.dll+0x85a848]
V  [jvm.dll+0x45080e]
V  [jvm.dll+0x452451]
C  [jli.dll+0x5278]
C  [ucrtbase.dll+0x21bb2]
C  [KERNEL32.DLL+0x17374]
C  [ntdll.dll+0x4cc91]


---------------  P R O C E S S  ---------------

Threads class SMR info:
_java_thread_list=0x0000026e42faa120, length=1, elements={
0x0000026e2ed563f0
}

Java Threads: ( => current thread )
=>0x0000026e2ed563f0 JavaThread "Unknown thread"             [_thread_in_vm, id=20212, stack(0x000000cd45500000,0x000000cd45600000) (1024K)]
Total: 1

Other Threads:
  0x0000026e4302bc60 WatcherThread "VM Periodic Task Thread"        [id=20304, stack(0x000000cd45700000,0x000000cd45800000) (1024K)]
  0x0000026e2ed746f0 WorkerThread "GC Thread#0"                     [id=20308, stack(0x000000cd45600000,0x000000cd45700000) (1024K)]
Total: 2

Threads with active compile tasks:
Total: 0

VM state: not at safepoint (normal execution)

VM Mutex/Monitor currently owned by a thread: None

Heap address: 0x00000000c0000000, size: 1024 MB, Compressed Oops mode: 32-bit

CDS archive(s) not mapped
Compressed class space mapped at: 0x0000000100000000-0x0000000140000000, reserved size: 1073741824
Narrow klass base: 0x0000000000000000, Narrow klass shift: 3, Narrow klass range: 0x140000000

GC Precious Log:
 CardTable entry size: 512
 CPUs: 12 total, 12 available
 Memory: 15720M
 Large Page Support: Disabled
 NUMA Support: Disabled
 Compressed Oops: Enabled (32-bit)
 Alignments: Space 512K, Generation 512K, Heap 2M
 Heap Min Capacity: 100M
 Heap Initial Capacity: 100M
 Heap Max Capacity: 1G
 Pre-touch: Disabled
 Parallel Workers: 10

Heap:
 PSYoungGen      total 29696K, used 512K [0x00000000eab00000, 0x00000000ecc00000, 0x0000000100000000)
  eden space 25600K, 2% used [0x00000000eab00000,0x00000000eab80070,0x00000000ec400000)
  from space 4096K, 0% used [0x00000000ec800000,0x00000000ec800000,0x00000000ecc00000)
  to   space 4096K, 0% used [0x00000000ec400000,0x00000000ec400000,0x00000000ec800000)
 ParOldGen       total 68608K, used 0K [0x00000000c0000000, 0x00000000c4300000, 0x00000000eab00000)
  object space 68608K, 0% used [0x00000000c0000000,0x00000000c0000000,0x00000000c4300000)
 Metaspace       used 1392K, committed 1472K, reserved 1114112K
  class space    used 109K, committed 128K, reserved 1048576K

Card table byte_map: [0x0000026e2e700000,0x0000026e2e910000] _byte_map_base: 0x0000026e2e100000

Marking Bits: (ParMarkBitMap*) 0x00007ffa6c2131f0
 Begin Bits: [0x0000026e40f50000, 0x0000026e41f50000)
 End Bits:   [0x0000026e41f50000, 0x0000026e42f50000)

Polling page: 0x0000026e2cba0000

Metaspace:

Usage:
  Non-class:      1.25 MB used.
      Class:    109.62 KB used.
       Both:      1.36 MB used.

Virtual space:
  Non-class space:       64.00 MB reserved,       1.31 MB (  2%) committed,  1 nodes.
      Class space:        1.00 GB reserved,     128.00 KB ( <1%) committed,  1 nodes.
             Both:        1.06 GB reserved,       1.44 MB ( <1%) committed. 

Chunk freelists:
   Non-Class:  12.00 MB
       Class:  15.75 MB
        Both:  27.75 MB

MaxMetaspaceSize: unlimited
CompressedClassSpaceSize: 1.00 GB
Initial GC threshold: 21.00 MB
Current GC threshold: 17179869184.00 GB
CDS: off
 - commit_granule_bytes: 65536.
 - commit_granule_words: 8192.
 - virtual_space_node_default_size: 8388608.
 - enlarge_chunks_in_place: 1.
 - use_allocation_guard: 0.


Internal statistics:

num_allocs_failed_limit: 0.
num_arena_births: 2.
num_arena_deaths: 0.
num_vsnodes_births: 2.
num_vsnodes_deaths: 0.
num_space_committed: 23.
num_space_uncommitted: 0.
num_chunks_returned_to_freelist: 0.
num_chunks_taken_from_freelist: 3.
num_chunk_merges: 0.
num_chunk_splits: 2.
num_chunks_enlarged: 0.
num_inconsistent_stats: 0.

CodeHeap 'non-profiled nmethods': size=120000Kb used=0Kb max_used=0Kb free=120000Kb
 bounds [0x0000026e39a20000, 0x0000026e39c90000, 0x0000026e40f50000]
CodeHeap 'profiled nmethods': size=120000Kb used=0Kb max_used=0Kb free=120000Kb
 bounds [0x0000026e31f50000, 0x0000026e321c0000, 0x0000026e39480000]
CodeHeap 'non-nmethods': size=5760Kb used=194Kb max_used=342Kb free=5565Kb
 bounds [0x0000026e39480000, 0x0000026e396f0000, 0x0000026e39a20000]
 total_blobs=70 nmethods=0 adapters=48
 compilation: enabled
              stopped_count=0, restarted_count=0
 full_count=0

Compilation events (0 events):
No events

GC Heap History (0 events):
No events

Dll operation events (2 events):
Event: 0.008 Loaded shared library c:\Users\Admin\.vscode\extensions\redhat.java-1.42.0-win32-x64\jre\21.0.7-win32-x86_64\bin\java.dll
Event: 0.015 Loaded shared library c:\Users\Admin\.vscode\extensions\redhat.java-1.42.0-win32-x64\jre\21.0.7-win32-x86_64\bin\zip.dll

Deoptimization events (0 events):
No events

Classes loaded (20 events):
Event: 0.033 Loading class java/util/Iterator
Event: 0.033 Loading class java/util/Iterator done
Event: 0.033 Loading class java/lang/reflect/RecordComponent
Event: 0.033 Loading class java/lang/reflect/RecordComponent done
Event: 0.033 Loading class jdk/internal/vm/vector/VectorSupport
Event: 0.034 Loading class jdk/internal/vm/vector/VectorSupport done
Event: 0.034 Loading class jdk/internal/vm/vector/VectorSupport$VectorPayload
Event: 0.034 Loading class jdk/internal/vm/vector/VectorSupport$VectorPayload done
Event: 0.034 Loading class jdk/internal/vm/vector/VectorSupport$Vector
Event: 0.034 Loading class jdk/internal/vm/vector/VectorSupport$Vector done
Event: 0.034 Loading class jdk/internal/vm/vector/VectorSupport$VectorMask
Event: 0.034 Loading class jdk/internal/vm/vector/VectorSupport$VectorMask done
Event: 0.034 Loading class jdk/internal/vm/vector/VectorSupport$VectorShuffle
Event: 0.034 Loading class jdk/internal/vm/vector/VectorSupport$VectorShuffle done
Event: 0.034 Loading class jdk/internal/vm/FillerObject
Event: 0.034 Loading class jdk/internal/vm/FillerObject done
Event: 0.036 Loading class java/lang/NullPointerException
Event: 0.036 Loading class java/lang/NullPointerException done
Event: 0.036 Loading class java/lang/ArithmeticException
Event: 0.036 Loading class java/lang/ArithmeticException done

Classes unloaded (0 events):
No events

Classes redefined (0 events):
No events

Internal exceptions (0 events):
No events

ZGC Phase Switch (0 events):
No events

VM Operations (0 events):
No events

Memory protections (0 events):
No events

Nmethod flushes (0 events):
No events

Events (1 events):
Event: 0.014 Thread 0x0000026e2ed563f0 Thread added: 0x0000026e2ed563f0


Dynamic libraries:
0x00007ff7b9e50000 - 0x00007ff7b9e5e000 	c:\Users\Admin\.vscode\extensions\redhat.java-1.42.0-win32-x64\jre\21.0.7-win32-x86_64\bin\java.exe
0x00007ffaa12d0000 - 0x00007ffaa14c8000 	C:\Windows\SYSTEM32\ntdll.dll
0x00007ffa9f5e0000 - 0x00007ffa9f6a2000 	C:\Windows\System32\KERNEL32.DLL
0x00007ffa9edb0000 - 0x00007ffa9f0a6000 	C:\Windows\System32\KERNELBASE.dll
0x00007ffa9e940000 - 0x00007ffa9ea40000 	C:\Windows\System32\ucrtbase.dll
0x00007ffa90dd0000 - 0x00007ffa90de8000 	c:\Users\Admin\.vscode\extensions\redhat.java-1.42.0-win32-x64\jre\21.0.7-win32-x86_64\bin\jli.dll
0x00007ffa946b0000 - 0x00007ffa946ce000 	c:\Users\Admin\.vscode\extensions\redhat.java-1.42.0-win32-x64\jre\21.0.7-win32-x86_64\bin\VCRUNTIME140.dll
0x00007ffaa09a0000 - 0x00007ffaa0b3d000 	C:\Windows\System32\USER32.dll
0x00007ffa9ead0000 - 0x00007ffa9eaf2000 	C:\Windows\System32\win32u.dll
0x00007ffa8cd20000 - 0x00007ffa8cfba000 	C:\Windows\WinSxS\amd64_microsoft.windows.common-controls_6595b64144ccf1df_6.0.19041.5794_none_60bcd33171f2783c\COMCTL32.dll
0x00007ffa9f5b0000 - 0x00007ffa9f5db000 	C:\Windows\System32\GDI32.dll
0x00007ffaa0e60000 - 0x00007ffaa0efe000 	C:\Windows\System32\msvcrt.dll
0x00007ffa9eb30000 - 0x00007ffa9ec4a000 	C:\Windows\System32\gdi32full.dll
0x00007ffa9f1b0000 - 0x00007ffa9f24d000 	C:\Windows\System32\msvcp_win.dll
0x00007ffa9f2d0000 - 0x00007ffa9f2ff000 	C:\Windows\System32\IMM32.DLL
0x00007ffa90e50000 - 0x00007ffa90e5c000 	c:\Users\Admin\.vscode\extensions\redhat.java-1.42.0-win32-x64\jre\21.0.7-win32-x86_64\bin\vcruntime140_1.dll
0x00007ffa731d0000 - 0x00007ffa7325d000 	c:\Users\Admin\.vscode\extensions\redhat.java-1.42.0-win32-x64\jre\21.0.7-win32-x86_64\bin\msvcp140.dll
0x00007ffa6b560000 - 0x00007ffa6c2f0000 	c:\Users\Admin\.vscode\extensions\redhat.java-1.42.0-win32-x64\jre\21.0.7-win32-x86_64\bin\server\jvm.dll
0x00007ffa9fd10000 - 0x00007ffa9fdbf000 	C:\Windows\System32\ADVAPI32.dll
0x00007ffa9f840000 - 0x00007ffa9f8df000 	C:\Windows\System32\sechost.dll
0x00007ffaa0d30000 - 0x00007ffaa0e53000 	C:\Windows\System32\RPCRT4.dll
0x00007ffa9eb00000 - 0x00007ffa9eb27000 	C:\Windows\System32\bcrypt.dll
0x00007ffa9fa00000 - 0x00007ffa9fa6b000 	C:\Windows\System32\WS2_32.dll
0x00007ffa9de80000 - 0x00007ffa9decb000 	C:\Windows\SYSTEM32\POWRPROF.dll
0x00007ffa95320000 - 0x00007ffa95347000 	C:\Windows\SYSTEM32\WINMM.dll
0x00007ffa953e0000 - 0x00007ffa953ea000 	C:\Windows\SYSTEM32\VERSION.dll
0x00007ffa9dd40000 - 0x00007ffa9dd52000 	C:\Windows\SYSTEM32\UMPDC.dll
0x00007ffa9c7a0000 - 0x00007ffa9c7b2000 	C:\Windows\SYSTEM32\kernel.appcore.dll
0x00007ffa8c3b0000 - 0x00007ffa8c3ba000 	c:\Users\Admin\.vscode\extensions\redhat.java-1.42.0-win32-x64\jre\21.0.7-win32-x86_64\bin\jimage.dll
0x00007ffa93080000 - 0x00007ffa93281000 	C:\Windows\SYSTEM32\DBGHELP.DLL
0x00007ffa8e6a0000 - 0x00007ffa8e6d4000 	C:\Windows\SYSTEM32\dbgcore.DLL
0x00007ffa9ea40000 - 0x00007ffa9eac2000 	C:\Windows\System32\bcryptPrimitives.dll
0x00007ffa8c3a0000 - 0x00007ffa8c3af000 	c:\Users\Admin\.vscode\extensions\redhat.java-1.42.0-win32-x64\jre\21.0.7-win32-x86_64\bin\instrument.dll
0x00007ffa8c310000 - 0x00007ffa8c32f000 	c:\Users\Admin\.vscode\extensions\redhat.java-1.42.0-win32-x64\jre\21.0.7-win32-x86_64\bin\java.dll
0x00007ffa8bf90000 - 0x00007ffa8bfa8000 	c:\Users\Admin\.vscode\extensions\redhat.java-1.42.0-win32-x64\jre\21.0.7-win32-x86_64\bin\zip.dll

dbghelp: loaded successfully - version: 4.0.5 - missing functions: none
symbol engine: initialized successfully - sym options: 0x614 - pdb path: .;c:\Users\Admin\.vscode\extensions\redhat.java-1.42.0-win32-x64\jre\21.0.7-win32-x86_64\bin;C:\Windows\SYSTEM32;C:\Windows\WinSxS\amd64_microsoft.windows.common-controls_6595b64144ccf1df_6.0.19041.5794_none_60bcd33171f2783c;c:\Users\Admin\.vscode\extensions\redhat.java-1.42.0-win32-x64\jre\21.0.7-win32-x86_64\bin\server

VM Arguments:
jvm_args: --add-modules=ALL-SYSTEM --add-opens=java.base/java.util=ALL-UNNAMED --add-opens=java.base/java.lang=ALL-UNNAMED --add-opens=java.base/sun.nio.fs=ALL-UNNAMED -Declipse.application=org.eclipse.jdt.ls.core.id1 -Dosgi.bundles.defaultStartLevel=4 -Declipse.product=org.eclipse.jdt.ls.core.product -Djava.import.generatesMetadataFilesAtProjectRoot=false -DDetectVMInstallationsJob.disabled=true -Dfile.encoding=utf8 -XX:+UseParallelGC -XX:GCTimeRatio=4 -XX:AdaptiveSizePolicyWeight=90 -Dsun.zip.disableMemoryMapping=true -Xmx1G -Xms100m -Xlog:disable -javaagent:c:\Users\Admin\.vscode\extensions\redhat.java-1.42.0-win32-x64\lombok\lombok-1.18.36.jar -XX:+HeapDumpOnOutOfMemoryError -XX:HeapDumpPath=c:\Users\Admin\AppData\Roaming\Code\User\workspaceStorage\0bad6beeaffd9cfb94fa036439ebe4c1\redhat.java -Daether.dependencyCollector.impl=bf 
java_command: c:\Users\Admin\.vscode\extensions\redhat.java-1.42.0-win32-x64\server\plugins\org.eclipse.equinox.launcher_1.7.0.v20250424-1814.jar -configuration c:\Users\Admin\AppData\Roaming\Code\User\globalStorage\redhat.java\1.42.0\config_win -data c:\Users\Admin\AppData\Roaming\Code\User\workspaceStorage\0bad6beeaffd9cfb94fa036439ebe4c1\redhat.java\jdt_ws --pipe=\\.\pipe\lsp-8c055ba5070be5bcccb9dd79603bb671-sock
java_class_path (initial): c:\Users\Admin\.vscode\extensions\redhat.java-1.42.0-win32-x64\server\plugins\org.eclipse.equinox.launcher_1.7.0.v20250424-1814.jar
Launcher Type: SUN_STANDARD

[Global flags]
    uintx AdaptiveSizePolicyWeight                 = 90                                        {product} {command line}
     intx CICompilerCount                          = 4                                         {product} {ergonomic}
    uintx GCTimeRatio                              = 4                                         {product} {command line}
     bool HeapDumpOnOutOfMemoryError               = true                                   {manageable} {command line}
    ccstr HeapDumpPath                             = c:\Users\Admin\AppData\Roaming\Code\User\workspaceStorage\0bad6beeaffd9cfb94fa036439ebe4c1\redhat.java         {manageable} {command line}
   size_t InitialHeapSize                          = 104857600                                 {product} {command line}
   size_t MaxHeapSize                              = 1073741824                                {product} {command line}
   size_t MaxNewSize                               = 357564416                                 {product} {ergonomic}
   size_t MinHeapDeltaBytes                        = 524288                                    {product} {ergonomic}
   size_t MinHeapSize                              = 104857600                                 {product} {command line}
   size_t NewSize                                  = 34603008                                  {product} {ergonomic}
    uintx NonNMethodCodeHeapSize                   = 5839372                                {pd product} {ergonomic}
    uintx NonProfiledCodeHeapSize                  = 122909434                              {pd product} {ergonomic}
   size_t OldSize                                  = 70254592                                  {product} {ergonomic}
    uintx ProfiledCodeHeapSize                     = 122909434                              {pd product} {ergonomic}
    uintx ReservedCodeCacheSize                    = 251658240                              {pd product} {ergonomic}
     bool SegmentedCodeCache                       = true                                      {product} {ergonomic}
   size_t SoftMaxHeapSize                          = 1073741824                             {manageable} {ergonomic}
     bool UseCompressedOops                        = true                           {product lp64_product} {ergonomic}
     bool UseLargePagesIndividualAllocation        = false                                  {pd product} {ergonomic}
     bool UseParallelGC                            = true                                      {product} {command line}

Logging:
Log output configuration:
 #0: stdout all=off uptime,level,tags foldmultilines=false
 #1: stderr all=off uptime,level,tags foldmultilines=false

Environment Variables:
JAVA_HOME=D:\MT\JDK\21
PATH=D:\MT\Py\Scripts\;D:\MT\Py\;D:\ApaTinhLinh\OpenCV\opencv\build\x64\vc16\bin;D:\ApaTinhLinh\tess;D:\MT\JDK\21\bin;D:\ApaTinhLinh\Maven\apache-maven-3.9.6\bin;D:\VSC\Xam\php;C:\Windows\System32;D:\MT\Node20\;D:\MT\scala\scala-2.12.18\bin;C:\Users\Admin\AppData\Roaming\Python\Python312\Scripts;D:\AppLinhTinh\Android\SDK\platform-tools;C:\Program Files\Tailscale\;D:\AppLinhTinh\Git\Git\cmd;D:\AppLinhTinh\BuilTools\Common7\IDE\CommonExtensions\Microsoft\CMake\CMake\bin;C:\Windows\System32\wbem;D:\AppLinhTinh\Putty\;C:\Program Files\Docker\Docker\resources\bin;C:\Users\Admin\AppData\Local\Programs\Python\Python38\Scripts\;C:\Users\Admin\AppData\Local\Programs\Python\Python38\;C:\Users\Admin\.local\share\solana\install\active_release\bin;C:\Program Files\MySQL\MySQL Shell 8.0\bin\;C:\Users\Admin\AppData\Local\Microsoft\WindowsApps;C:\Program Files\Azure Data Studio\bin;C:\msys64\ucrt64\bin;D:\VSC\Microsoft VS Code\bin;D:\VSC\C++\bin;C:\Program Files\Git\bin;C:\Users\Admin\AppData\Roaming\npm;D:\AppLinhTinh\intelij\IntelliJ IDEA Community Edition 2024.3.1.1\bin;;c:\users\admin\appdata\roaming\python\scripts
USERNAME=Admin
OS=Windows_NT
PROCESSOR_IDENTIFIER=AMD64 Family 23 Model 104 Stepping 1, AuthenticAMD
TMP=C:\Users\Admin\AppData\Local\Temp
TEMP=C:\Users\Admin\AppData\Local\Temp




Periodic native trim disabled

---------------  S Y S T E M  ---------------

OS:
 Windows 10 , 64 bit Build 19041 (10.0.19041.5794)
OS uptime: 0 days 3:53 hours

CPU: total 12 (initial active 12) (12 cores per cpu, 2 threads per core) family 23 model 104 stepping 1 microcode 0x0, cx8, cmov, fxsr, ht, mmx, 3dnowpref, sse, sse2, sse3, ssse3, sse4a, sse4.1, sse4.2, popcnt, lzcnt, tsc, tscinvbit, avx, avx2, aes, clmul, bmi1, bmi2, adx, sha, fma, vzeroupper, clflush, clflushopt, rdtscp, rdpid, f16c
Processor Information for the first 12 processors :
  Max Mhz: 2100, Current Mhz: 2100, Mhz Limit: 2100

Memory: 4k page, system-wide physical 15720M (1461M free)
TotalPageFile size 19816M (AvailPageFile size 4M)
current process WorkingSet (physical memory assigned to process): 16M, peak: 16M
current process commit charge ("private bytes"): 150M, peak: 157M

vm_info: OpenJDK 64-Bit Server VM (21.0.7+6-LTS) for windows-amd64 JRE (21.0.7+6-LTS), built on 2025-04-15T00:00:00Z by "admin" with MS VC++ 17.7 (VS2022)

END.
